  stdafx.cpp
  BackGround.cpp
C:\Users\sean5\OneDrive\바탕 화면\GithubProject\DX9_CultOfTheLame\MapTool\EngineSDK\Inc\Animator.h(11,2): warning C5208: typedef 이름에 사용되는 명명되지 않은 클래스가 비정적 데이터 멤버, 멤버 열거형 또는 멤버 클래스 이외의 멤버를 선언할 수 없습니다.
  Camera.cpp
C:\Users\sean5\OneDrive\바탕 화면\GithubProject\DX9_CultOfTheLame\MapTool\EngineSDK\Inc\Animator.h(11,2): warning C5208: typedef 이름에 사용되는 명명되지 않은 클래스가 비정적 데이터 멤버, 멤버 열거형 또는 멤버 클래스 이외의 멤버를 선언할 수 없습니다.
  CMainApp.cpp
C:\Users\sean5\OneDrive\바탕 화면\GithubProject\DX9_CultOfTheLame\MapTool\Client\Public\LandObject.h(17,2): warning C5208: typedef 이름에 사용되는 명명되지 않은 클래스가 비정적 데이터 멤버, 멤버 열거형 또는 멤버 클래스 이외의 멤버를 선언할 수 없습니다.
C:\Users\sean5\OneDrive\바탕 화면\GithubProject\DX9_CultOfTheLame\MapTool\EngineSDK\Inc\Animator.h(11,2): warning C5208: typedef 이름에 사용되는 명명되지 않은 클래스가 비정적 데이터 멤버, 멤버 열거형 또는 멤버 클래스 이외의 멤버를 선언할 수 없습니다.
  DecoObejct.cpp
C:\Users\sean5\OneDrive\바탕 화면\GithubProject\DX9_CultOfTheLame\MapTool\Client\Public\LandObject.h(17,2): warning C5208: typedef 이름에 사용되는 명명되지 않은 클래스가 비정적 데이터 멤버, 멤버 열거형 또는 멤버 클래스 이외의 멤버를 선언할 수 없습니다.
C:\Users\sean5\OneDrive\바탕 화면\GithubProject\DX9_CultOfTheLame\MapTool\EngineSDK\Inc\Animator.h(11,2): warning C5208: typedef 이름에 사용되는 명명되지 않은 클래스가 비정적 데이터 멤버, 멤버 열거형 또는 멤버 클래스 이외의 멤버를 선언할 수 없습니다.
C:\Users\sean5\OneDrive\바탕 화면\GithubProject\DX9_CultOfTheLame\MapTool\Client\Private\DecoObejct.cpp(43,14): warning C4244: '=': 'float'에서 'Engine::_uint'(으)로 변환하면서 데이터가 손실될 수 있습니다.
  InteractObject.cpp
C:\Users\sean5\OneDrive\바탕 화면\GithubProject\DX9_CultOfTheLame\MapTool\Client\Public\LandObject.h(17,2): warning C5208: typedef 이름에 사용되는 명명되지 않은 클래스가 비정적 데이터 멤버, 멤버 열거형 또는 멤버 클래스 이외의 멤버를 선언할 수 없습니다.
C:\Users\sean5\OneDrive\바탕 화면\GithubProject\DX9_CultOfTheLame\MapTool\EngineSDK\Inc\Animator.h(11,2): warning C5208: typedef 이름에 사용되는 명명되지 않은 클래스가 비정적 데이터 멤버, 멤버 열거형 또는 멤버 클래스 이외의 멤버를 선언할 수 없습니다.
C:\Users\sean5\OneDrive\바탕 화면\GithubProject\DX9_CultOfTheLame\MapTool\Client\Private\InteractObject.cpp(42,14): warning C4244: '=': 'float'에서 'Engine::_uint'(으)로 변환하면서 데이터가 손실될 수 있습니다.
  LandObject.cpp
C:\Users\sean5\OneDrive\바탕 화면\GithubProject\DX9_CultOfTheLame\MapTool\Client\Public\LandObject.h(17,2): warning C5208: typedef 이름에 사용되는 명명되지 않은 클래스가 비정적 데이터 멤버, 멤버 열거형 또는 멤버 클래스 이외의 멤버를 선언할 수 없습니다.
C:\Users\sean5\OneDrive\바탕 화면\GithubProject\DX9_CultOfTheLame\MapTool\EngineSDK\Inc\Animator.h(11,2): warning C5208: typedef 이름에 사용되는 명명되지 않은 클래스가 비정적 데이터 멤버, 멤버 열거형 또는 멤버 클래스 이외의 멤버를 선언할 수 없습니다.
  Level_GamePlay.cpp
C:\Users\sean5\OneDrive\바탕 화면\GithubProject\DX9_CultOfTheLame\MapTool\EngineSDK\Inc\Animator.h(11,2): warning C5208: typedef 이름에 사용되는 명명되지 않은 클래스가 비정적 데이터 멤버, 멤버 열거형 또는 멤버 클래스 이외의 멤버를 선언할 수 없습니다.
  Level_Loading.cpp
C:\Users\sean5\OneDrive\바탕 화면\GithubProject\DX9_CultOfTheLame\MapTool\Client\Public\LandObject.h(17,2): warning C5208: typedef 이름에 사용되는 명명되지 않은 클래스가 비정적 데이터 멤버, 멤버 열거형 또는 멤버 클래스 이외의 멤버를 선언할 수 없습니다.
C:\Users\sean5\OneDrive\바탕 화면\GithubProject\DX9_CultOfTheLame\MapTool\EngineSDK\Inc\Animator.h(11,2): warning C5208: typedef 이름에 사용되는 명명되지 않은 클래스가 비정적 데이터 멤버, 멤버 열거형 또는 멤버 클래스 이외의 멤버를 선언할 수 없습니다.
  Level_Logo.cpp
C:\Users\sean5\OneDrive\바탕 화면\GithubProject\DX9_CultOfTheLame\MapTool\EngineSDK\Inc\Animator.h(11,2): warning C5208: typedef 이름에 사용되는 명명되지 않은 클래스가 비정적 데이터 멤버, 멤버 열거형 또는 멤버 클래스 이외의 멤버를 선언할 수 없습니다.
  Level_MapTool.cpp
C:\Users\sean5\OneDrive\바탕 화면\GithubProject\DX9_CultOfTheLame\MapTool\Client\Public\LandObject.h(17,2): warning C5208: typedef 이름에 사용되는 명명되지 않은 클래스가 비정적 데이터 멤버, 멤버 열거형 또는 멤버 클래스 이외의 멤버를 선언할 수 없습니다.
C:\Users\sean5\OneDrive\바탕 화면\GithubProject\DX9_CultOfTheLame\MapTool\EngineSDK\Inc\Animator.h(11,2): warning C5208: typedef 이름에 사용되는 명명되지 않은 클래스가 비정적 데이터 멤버, 멤버 열거형 또는 멤버 클래스 이외의 멤버를 선언할 수 없습니다.
C:\Users\sean5\OneDrive\바탕 화면\GithubProject\DX9_CultOfTheLame\MapTool\Client\Private\Level_MapTool.cpp(567,62): warning C4267: '인수': 'size_t'에서 'int'(으)로 변환하면서 데이터가 손실될 수 있습니다.
C:\Users\sean5\OneDrive\바탕 화면\GithubProject\DX9_CultOfTheLame\MapTool\Client\Private\Level_MapTool.cpp(600,73): warning C4267: '인수': 'size_t'에서 'int'(으)로 변환하면서 데이터가 손실될 수 있습니다.
C:\Users\sean5\OneDrive\바탕 화면\GithubProject\DX9_CultOfTheLame\MapTool\Client\Private\Level_MapTool.cpp(646,77): warning C4267: '인수': 'size_t'에서 'int'(으)로 변환하면서 데이터가 손실될 수 있습니다.
C:\Users\sean5\OneDrive\바탕 화면\GithubProject\DX9_CultOfTheLame\MapTool\Client\Private\Level_MapTool.cpp(656,79): warning C4267: '인수': 'size_t'에서 'int'(으)로 변환하면서 데이터가 손실될 수 있습니다.
C:\Users\sean5\OneDrive\바탕 화면\GithubProject\DX9_CultOfTheLame\MapTool\Client\Private\Level_MapTool.cpp(666,83): warning C4267: '인수': 'size_t'에서 'int'(으)로 변환하면서 데이터가 손실될 수 있습니다.
C:\Users\sean5\OneDrive\바탕 화면\GithubProject\DX9_CultOfTheLame\MapTool\Client\Private\Level_MapTool.cpp(676,84): warning C4267: '인수': 'size_t'에서 'int'(으)로 변환하면서 데이터가 손실될 수 있습니다.
C:\Users\sean5\OneDrive\바탕 화면\GithubProject\DX9_CultOfTheLame\MapTool\Client\Private\Level_MapTool.cpp(720,73): warning C4267: '인수': 'size_t'에서 'int'(으)로 변환하면서 데이터가 손실될 수 있습니다.
C:\Users\sean5\OneDrive\바탕 화면\GithubProject\DX9_CultOfTheLame\MapTool\Client\Private\Level_MapTool.cpp(765,73): warning C4267: '인수': 'size_t'에서 'int'(으)로 변환하면서 데이터가 손실될 수 있습니다.
C:\Users\sean5\OneDrive\바탕 화면\GithubProject\DX9_CultOfTheLame\MapTool\Client\Private\Level_MapTool.cpp(810,74): warning C4267: '인수': 'size_t'에서 'int'(으)로 변환하면서 데이터가 손실될 수 있습니다.
C:\Users\sean5\OneDrive\바탕 화면\GithubProject\DX9_CultOfTheLame\MapTool\Client\Private\Level_MapTool.cpp(854,77): warning C4267: '인수': 'size_t'에서 'int'(으)로 변환하면서 데이터가 손실될 수 있습니다.
C:\Users\sean5\OneDrive\바탕 화면\GithubProject\DX9_CultOfTheLame\MapTool\Client\Private\Level_MapTool.cpp(865,80): warning C4267: '인수': 'size_t'에서 'int'(으)로 변환하면서 데이터가 손실될 수 있습니다.
C:\Users\sean5\OneDrive\바탕 화면\GithubProject\DX9_CultOfTheLame\MapTool\Client\Private\Level_MapTool.cpp(875,85): warning C4267: '인수': 'size_t'에서 'int'(으)로 변환하면서 데이터가 손실될 수 있습니다.
C:\Users\sean5\OneDrive\바탕 화면\GithubProject\DX9_CultOfTheLame\MapTool\Client\Private\Level_MapTool.cpp(933,25): warning C4267: '초기화 중': 'size_t'에서 'Engine::_uint'(으)로 변환하면서 데이터가 손실될 수 있습니다.
C:\Program Files\Microsoft Visual Studio\2022\Community\VC\Tools\MSVC\14.40.33807\include\xutility(4672,18): warning C4244: '=': 'wchar_t'에서 'char'(으)로 변환하면서 데이터가 손실될 수 있습니다.
  Player.cpp
C:\Users\sean5\OneDrive\바탕 화면\GithubProject\DX9_CultOfTheLame\MapTool\Client\Public\LandObject.h(17,2): warning C5208: typedef 이름에 사용되는 명명되지 않은 클래스가 비정적 데이터 멤버, 멤버 열거형 또는 멤버 클래스 이외의 멤버를 선언할 수 없습니다.
C:\Users\sean5\OneDrive\바탕 화면\GithubProject\DX9_CultOfTheLame\MapTool\EngineSDK\Inc\Animator.h(11,2): warning C5208: typedef 이름에 사용되는 명명되지 않은 클래스가 비정적 데이터 멤버, 멤버 열거형 또는 멤버 클래스 이외의 멤버를 선언할 수 없습니다.
C:\Users\sean5\OneDrive\바탕 화면\GithubProject\DX9_CultOfTheLame\MapTool\Client\Private\Player.cpp(494,48): warning C4244: '인수': 'double'에서 'Engine::_float'(으)로 변환하면서 데이터가 손실될 수 있습니다.
C:\Users\sean5\OneDrive\바탕 화면\GithubProject\DX9_CultOfTheLame\MapTool\Client\Private\Player.cpp(496,47): warning C4244: '인수': 'double'에서 'Engine::_float'(으)로 변환하면서 데이터가 손실될 수 있습니다.
C:\Users\sean5\OneDrive\바탕 화면\GithubProject\DX9_CultOfTheLame\MapTool\Client\Private\Player.cpp(501,45): warning C4244: '인수': 'double'에서 'Engine::_float'(으)로 변환하면서 데이터가 손실될 수 있습니다.
C:\Users\sean5\OneDrive\바탕 화면\GithubProject\DX9_CultOfTheLame\MapTool\Client\Private\Player.cpp(507,46): warning C4244: '인수': 'double'에서 'Engine::_float'(으)로 변환하면서 데이터가 손실될 수 있습니다.
  State_PlayerIdle.cpp
C:\Users\sean5\OneDrive\바탕 화면\GithubProject\DX9_CultOfTheLame\MapTool\Client\Public\LandObject.h(17,2): warning C5208: typedef 이름에 사용되는 명명되지 않은 클래스가 비정적 데이터 멤버, 멤버 열거형 또는 멤버 클래스 이외의 멤버를 선언할 수 없습니다.
C:\Users\sean5\OneDrive\바탕 화면\GithubProject\DX9_CultOfTheLame\MapTool\EngineSDK\Inc\Animator.h(11,2): warning C5208: typedef 이름에 사용되는 명명되지 않은 클래스가 비정적 데이터 멤버, 멤버 열거형 또는 멤버 클래스 이외의 멤버를 선언할 수 없습니다.
  Terrain.cpp
C:\Users\sean5\OneDrive\바탕 화면\GithubProject\DX9_CultOfTheLame\MapTool\EngineSDK\Inc\Animator.h(11,2): warning C5208: typedef 이름에 사용되는 명명되지 않은 클래스가 비정적 데이터 멤버, 멤버 열거형 또는 멤버 클래스 이외의 멤버를 선언할 수 없습니다.
C:\Users\sean5\OneDrive\바탕 화면\GithubProject\DX9_CultOfTheLame\MapTool\Client\Public\LandObject.h(17,2): warning C5208: typedef 이름에 사용되는 명명되지 않은 클래스가 비정적 데이터 멤버, 멤버 열거형 또는 멤버 클래스 이외의 멤버를 선언할 수 없습니다.
  Client.cpp
C:\Users\sean5\OneDrive\바탕 화면\GithubProject\DX9_CultOfTheLame\MapTool\EngineSDK\Inc\Animator.h(11,2): warning C5208: typedef 이름에 사용되는 명명되지 않은 클래스가 비정적 데이터 멤버, 멤버 열거형 또는 멤버 클래스 이외의 멤버를 선언할 수 없습니다.
  코드를 생성하고 있습니다...
C:\Users\sean5\OneDrive\바탕 화면\GithubProject\DX9_CultOfTheLame\MapTool\Client\Public\Level_MapTool.h(72,1): warning C4715: 'Client::CLevel_MapTool::Get_AdornType': 모든 제어 경로에서 값을 반환하지는 않습니다.
C:\Users\sean5\OneDrive\바탕 화면\GithubProject\DX9_CultOfTheLame\MapTool\Client\Public\Level_MapTool.h(72,1): warning C4715: 'Client::CLevel_MapTool::Get_AdornType': 모든 제어 경로에서 값을 반환하지는 않습니다.
Imgui.lib(imgui.obj) : warning LNK4099: '' PDB를 'Imgui.lib(imgui.obj)' 또는 ''에서 찾을 수 없습니다. 디버그 정보가 없는 것처럼 개체를 링크합니다.
Imgui.lib(imgui_draw.obj) : warning LNK4099: '' PDB를 'Imgui.lib(imgui_draw.obj)' 또는 ''에서 찾을 수 없습니다. 디버그 정보가 없는 것처럼 개체를 링크합니다.
Imgui.lib(imgui_widgets.obj) : warning LNK4099: '' PDB를 'Imgui.lib(imgui_widgets.obj)' 또는 ''에서 찾을 수 없습니다. 디버그 정보가 없는 것처럼 개체를 링크합니다.
Imgui.lib(imgui_impl_dx9.obj) : warning LNK4099: '' PDB를 'Imgui.lib(imgui_impl_dx9.obj)' 또는 ''에서 찾을 수 없습니다. 디버그 정보가 없는 것처럼 개체를 링크합니다.
Imgui.lib(imgui_impl_win32.obj) : warning LNK4099: '' PDB를 'Imgui.lib(imgui_impl_win32.obj)' 또는 ''에서 찾을 수 없습니다. 디버그 정보가 없는 것처럼 개체를 링크합니다.
Imgui.lib(imgui_tables.obj) : warning LNK4099: '' PDB를 'Imgui.lib(imgui_tables.obj)' 또는 ''에서 찾을 수 없습니다. 디버그 정보가 없는 것처럼 개체를 링크합니다.
  Client.vcxproj -> C:\Users\sean5\OneDrive\바탕 화면\GithubProject\DX9_CultOfTheLame\MapTool\Client\Bin\Client.exe
