  AlphabetButton.cpp
  BackGroundPlayer.cpp
  BackGround_Crown.cpp
  Bat.cpp
  Bone_Particle.cpp
  Boss_Aim.cpp
  Boss_DeathCat.cpp
  Boss_Eligor.cpp
  Boss_Eye.cpp
  Boss_Gusion.cpp
  Boss_Hekat.cpp
  BuildingObject.cpp
  BuildingPanelUI.cpp
  Building_IconUI.cpp
  Bullet_Particle.cpp
  CChainGround.cpp
  CIrcle_Eye.cpp
  CardExplainPanel.cpp
  ChainAttack.cpp
  Chest.cpp
  컴파일하고 있습니다...
  Circle_Eye_Pupil.cpp
  Command_Circle.cpp
  CraftIconUI.cpp
  CraftPanelUI.cpp
  Craft_KeyUI.cpp
  DecoObejct.cpp
  Door.cpp
  DungeonClearUI.cpp
  Effect.cpp
  Eligor_Bullet.cpp
  Eye_Controller.cpp
  FadeInOut.cpp
  FlyBallAttack.cpp
  Follower.cpp
  Follower_Circle_Button.cpp
  Follower_Command_UI.cpp
  Frog.cpp
  FrogSummon.cpp
  Grid.cpp
  GuideUI.cpp
  컴파일하고 있습니다...
  Gusion_Bullet.cpp
  Hekat_Bullet.cpp
  Human.cpp
  InteractObject.cpp
  Item.cpp
  ItemGetUI.cpp
  ItemIcon.cpp
  ItemIconUI.cpp
  LandObject.cpp
  Letter_BoxUI.cpp
  Level_Dungeon00.cpp
  Level_Dungeon01.cpp
  Level_Dungeon02.cpp
  Level_Dungeon03.cpp
  Level_GamePlay.cpp
  Level_Loading.cpp
  Lodding_GagePanelUI.cpp
  Lodding_GageUI.cpp
  LogoButtonUI.cpp
  MainApp.cpp
  컴파일하고 있습니다...
  MainPlayerUI.cpp
  MonologuePanelUI.cpp
  MonologueUI.cpp
  Monster.cpp
  MonsterBone.cpp
  MonsterHpUI.cpp
  Mortal_Fly.cpp
  MouseClickUI.cpp
  Mouse_Icon.cpp
  OpenIcon.cpp
  Player.cpp
  PlayerHpUI.cpp
  PlayerInventory.cpp
  PlayerSermonUI.cpp
  Player_Bullet.cpp
  Quest.cpp
  QuestOrnamentUI.cpp
  QuestPanelUI.cpp
  RatNPC.cpp
  Road.cpp
  컴파일하고 있습니다...
  Rock_Particle.cpp
  Sky.cpp
  SpellGauge.cpp
  State_Aim_Attack1.cpp
  State_Aim_Attack2.cpp
  State_Aim_Attack3.cpp
  State_Aim_Die.cpp
  State_Aim_Idle.cpp
  State_Aim_IdleToAttack.cpp
  State_Aim_Walk.cpp
  State_DeathCatChainAttack.cpp
  State_DeathCatDisappear.cpp
  State_DeathCatFlyBallAttack.cpp
  State_DeathCatHurt.cpp
  State_DeathCatIdle.cpp
  State_EilgorFA.cpp
  State_EligorBurp.cpp
  State_EligorIdle.cpp
  State_EligorLE.cpp
  State_EligorRoar.cpp
  컴파일하고 있습니다...
  State_EligorTF.cpp
  State_EligorUC.cpp
  State_EyeAttack.cpp
  State_EyeDie.cpp
  State_EyeDisappear.cpp
  State_EyeIdle.cpp
  State_Follower_Axe.cpp
  State_Follower_Idle.cpp
  State_Follower_Indo.cpp
  State_Follower_Mining.cpp
  State_Follower_Pray.cpp
  State_Follower_Walk.cpp
  State_Follower_Worship.cpp
  State_GusionBurp.cpp
  State_GusionDie.cpp
  State_GusionIdle.cpp
  State_GusionJump.cpp
  State_GusionLE.cpp
  State_GusionRoar.cpp
  State_HekatDie.cpp
  컴파일하고 있습니다...
  State_HekatIdle.cpp
  State_HekatJump.cpp
  State_HekatLE.cpp
  State_HekatRoar.cpp
  State_HekatTB.cpp
  State_HekatTF.cpp
  State_HekatTFollower.cpp
  State_HekatTH.cpp
  State_PlayerAttack1.cpp
  State_PlayerAttack2.cpp
  State_PlayerAttack3.cpp
  State_PlayerAxe.cpp
  State_PlayerCard.cpp
  State_PlayerDie.cpp
  State_PlayerGF.cpp
  State_PlayerGS.cpp
  State_PlayerHammer.cpp
  State_PlayerIdle.cpp
  State_PlayerKnockBack.cpp
  State_PlayerPickAxe.cpp
  컴파일하고 있습니다...
  State_PlayerResurrect.cpp
  State_PlayerRoll.cpp
  State_PlayerRun.cpp
  State_PlayerSermon.cpp
  State_PlayerSpell.cpp
  State_PlayerWI.cpp
  State_PlayerWO.cpp
  TalkIcon.cpp
  TalkPanelUI.cpp
  TarotCard.cpp
  TarotNPC.cpp
  TarotPanel.cpp
  Terrain.cpp
  Title.cpp
  Turret.cpp
  BackGround.cpp
  Camera.cpp
  Level_Logo.cpp
  PressEtoPickCard.cpp
  Client.cpp
  컴파일하고 있습니다...
  State_Player_Tarot.cpp
  코드를 생성하고 있습니다.
  416 of 3669 functions (11.3%) were compiled, the rest were copied from previous compilation.
    86 functions were new in current compilation
    224 functions had inline decision re-evaluated but remain unchanged
  코드를 생성했습니다.
  Client.vcxproj -> C:\Users\sean5\OneDrive\바탕 화면\GithubProject\DX9_CultOfTheLame\Game\Client\Bin\Client.exe
