  Collider_Manager.cpp
  Event_Manager.cpp
  Level.cpp
  Particle_System.cpp
  Picking.cpp
  State.cpp
  UI.cpp
  UI_Manager.cpp
  VIBuffer_GridRect.cpp
  VIBuffer_Rhombus.cpp
  VIBuffer_Terrain.cpp
  Component.cpp
  GameInstance.cpp
  GameObject.cpp
  Layer.cpp
  Level_Manager.cpp
  Object_Manager.cpp
  Transform.cpp
  VIBuffer.cpp
  VIBuffer_Rect.cpp
     ..\Bin\Engine.lib 라이브러리 및 ..\Bin\Engine.exp 개체를 생성하고 있습니다.
  코드를 생성하고 있습니다.
  15 of 2233 functions ( 0.7%) were compiled, the rest were copied from previous compilation.
    3 functions were new in current compilation
    17 functions had inline decision re-evaluated but remain unchanged
  코드를 생성했습니다.
  Engine.vcxproj -> C:\Users\sean5\OneDrive\바탕 화면\GithubProject\DX9_CultOfTheLame\Game\Engine\Bin\Engine.dll
  .\Engine\Bin\Engine.lib
  1개 파일이 복사되었습니다.
  .\Engine\Bin\Engine.dll
  1개 파일이 복사되었습니다.
  .\Engine\Public\Animator.h
  .\Engine\Public\Base.h
  .\Engine\Public\BlendObject.h
  .\Engine\Public\Collider_Cube.h
  .\Engine\Public\Collider_Manager.h
  .\Engine\Public\Collider_Rect.h
  .\Engine\Public\Component.h
  .\Engine\Public\Component_Manager.h
  .\Engine\Public\Culling_Manager.h
  .\Engine\Public\Engine_Defines.h
  .\Engine\Public\Engine_Enum.h
  .\Engine\Public\Engine_Function.h
  .\Engine\Public\Engine_Macro.h
  .\Engine\Public\Engine_Struct.h
  .\Engine\Public\Engine_Typedef.h
  .\Engine\Public\Event_Manager.h
  .\Engine\Public\fmod.h
  .\Engine\Public\fmod_codec.h
  .\Engine\Public\fmod_common.h
  .\Engine\Public\fmod_dsp.h
  .\Engine\Public\fmod_dsp_effects.h
  .\Engine\Public\fmod_errors.h
  .\Engine\Public\fmod_output.h
  .\Engine\Public\Fsm.h
  .\Engine\Public\GameInstance.h
  .\Engine\Public\GameObject.h
  .\Engine\Public\Graphic_Device.h
  .\Engine\Public\Key_Manager.h
  .\Engine\Public\Layer.h
  .\Engine\Public\Level.h
  .\Engine\Public\Level_Manager.h
  .\Engine\Public\Object_Manager.h
  .\Engine\Public\Particle_System.h
  .\Engine\Public\Picking.h
  .\Engine\Public\Renderer.h
  .\Engine\Public\RigidBody.h
  .\Engine\Public\Shader.h
  .\Engine\Public\Sound_Manager.h
  .\Engine\Public\State.h
  .\Engine\Public\Texture.h
  .\Engine\Public\Timer.h
  .\Engine\Public\Timer_Manager.h
  .\Engine\Public\Transform.h
  .\Engine\Public\UI.h
  .\Engine\Public\UI_Manager.h
  .\Engine\Public\VIBuffer.h
  .\Engine\Public\VIBuffer_Cube.h
  .\Engine\Public\VIBuffer_GridRect.h
  .\Engine\Public\VIBuffer_Rect.h
  .\Engine\Public\VIBuffer_Rhombus.h
  .\Engine\Public\VIBuffer_Terrain.h
  51개 파일이 복사되었습니다.
