c:\users\sean5\onedrive\바탕 화면\githubproject\dx9_cultofthelame\game\client\default\x64\debug\vc143.pdb
c:\users\sean5\onedrive\바탕 화면\githubproject\dx9_cultofthelame\game\client\default\x64\debug\vc143.idb
c:\users\sean5\onedrive\바탕 화면\githubproject\dx9_cultofthelame\game\client\default\x64\debug\circle_eye_pupil.obj
c:\users\sean5\onedrive\바탕 화면\githubproject\dx9_cultofthelame\game\client\default\x64\debug\circle_eye.obj
c:\users\sean5\onedrive\바탕 화면\githubproject\dx9_cultofthelame\game\client\default\x64\debug\chest.obj
c:\users\sean5\onedrive\바탕 화면\githubproject\dx9_cultofthelame\game\client\default\x64\debug\chainattack.obj
c:\users\sean5\onedrive\바탕 화면\githubproject\dx9_cultofthelame\game\client\default\x64\debug\cardexplainpanel.obj
c:\users\sean5\onedrive\바탕 화면\githubproject\dx9_cultofthelame\game\client\default\x64\debug\camera.obj
c:\users\sean5\onedrive\바탕 화면\githubproject\dx9_cultofthelame\game\client\default\x64\debug\building_iconui.obj
c:\users\sean5\onedrive\바탕 화면\githubproject\dx9_cultofthelame\game\client\default\x64\debug\buildingpanelui.obj
c:\users\sean5\onedrive\바탕 화면\githubproject\dx9_cultofthelame\game\client\default\x64\debug\buildingobject.obj
c:\users\sean5\onedrive\바탕 화면\githubproject\dx9_cultofthelame\game\client\default\x64\debug\boss_hekat.obj
c:\users\sean5\onedrive\바탕 화면\githubproject\dx9_cultofthelame\game\client\default\x64\debug\boss_gusion.obj
c:\users\sean5\onedrive\바탕 화면\githubproject\dx9_cultofthelame\game\client\default\x64\debug\boss_eye.obj
c:\users\sean5\onedrive\바탕 화면\githubproject\dx9_cultofthelame\game\client\default\x64\debug\boss_eligor.obj
c:\users\sean5\onedrive\바탕 화면\githubproject\dx9_cultofthelame\game\client\default\x64\debug\boss_deathcat.obj
c:\users\sean5\onedrive\바탕 화면\githubproject\dx9_cultofthelame\game\client\default\x64\debug\bat.obj
c:\users\sean5\onedrive\바탕 화면\githubproject\dx9_cultofthelame\game\client\default\x64\debug\background_crown.obj
c:\users\sean5\onedrive\바탕 화면\githubproject\dx9_cultofthelame\game\client\default\x64\debug\backgroundplayer.obj
c:\users\sean5\onedrive\바탕 화면\githubproject\dx9_cultofthelame\game\client\default\x64\debug\background.obj
c:\users\sean5\onedrive\바탕 화면\githubproject\dx9_cultofthelame\game\client\default\x64\debug\alphabetbutton.obj
c:\users\sean5\onedrive\바탕 화면\githubproject\dx9_cultofthelame\game\client\default\x64\debug\monsterhpui.obj
c:\users\sean5\onedrive\바탕 화면\githubproject\dx9_cultofthelame\game\client\default\x64\debug\monsterbone.obj
c:\users\sean5\onedrive\바탕 화면\githubproject\dx9_cultofthelame\game\client\default\x64\debug\mainplayerui.obj
c:\users\sean5\onedrive\바탕 화면\githubproject\dx9_cultofthelame\game\client\default\x64\debug\level_loading.obj
c:\users\sean5\onedrive\바탕 화면\githubproject\dx9_cultofthelame\game\client\default\x64\debug\level_dungeon02.obj
c:\users\sean5\onedrive\바탕 화면\githubproject\dx9_cultofthelame\game\client\default\x64\debug\level_dungeon01.obj
c:\users\sean5\onedrive\바탕 화면\githubproject\dx9_cultofthelame\game\client\default\x64\debug\level_dungeon00.obj
c:\users\sean5\onedrive\바탕 화면\githubproject\dx9_cultofthelame\game\client\default\x64\debug\letter_boxui.obj
c:\users\sean5\onedrive\바탕 화면\githubproject\dx9_cultofthelame\game\client\default\x64\debug\itemiconui.obj
c:\users\sean5\onedrive\바탕 화면\githubproject\dx9_cultofthelame\game\client\default\x64\debug\item.obj
c:\users\sean5\onedrive\바탕 화면\githubproject\dx9_cultofthelame\game\client\default\x64\debug\hekat_bullet.obj
c:\users\sean5\onedrive\바탕 화면\githubproject\dx9_cultofthelame\game\client\default\x64\debug\gusion_bullet.obj
c:\users\sean5\onedrive\바탕 화면\githubproject\dx9_cultofthelame\game\client\default\x64\debug\guideui.obj
c:\users\sean5\onedrive\바탕 화면\githubproject\dx9_cultofthelame\game\client\default\x64\debug\follower_circle_button.obj
c:\users\sean5\onedrive\바탕 화면\githubproject\dx9_cultofthelame\game\client\default\x64\debug\eligor_bullet.obj
c:\users\sean5\onedrive\바탕 화면\githubproject\dx9_cultofthelame\game\client\default\x64\debug\effect.obj
c:\users\sean5\onedrive\바탕 화면\githubproject\dx9_cultofthelame\game\client\default\x64\debug\craft_keyui.obj
c:\users\sean5\onedrive\바탕 화면\githubproject\dx9_cultofthelame\game\client\default\x64\debug\craftpanelui.obj
c:\users\sean5\onedrive\바탕 화면\githubproject\dx9_cultofthelame\game\client\default\x64\debug\crafticonui.obj
c:\users\sean5\onedrive\바탕 화면\githubproject\dx9_cultofthelame\game\client\default\x64\debug\command_circle.obj
c:\users\sean5\onedrive\바탕 화면\githubproject\dx9_cultofthelame\game\client\default\x64\debug\level_gameplay.obj
c:\users\sean5\onedrive\바탕 화면\githubproject\dx9_cultofthelame\game\client\default\x64\debug\landobject.obj
c:\users\sean5\onedrive\바탕 화면\githubproject\dx9_cultofthelame\game\client\default\x64\debug\flyballattack.obj
c:\users\sean5\onedrive\바탕 화면\githubproject\dx9_cultofthelame\game\client\default\x64\debug\interactobject.obj
c:\users\sean5\onedrive\바탕 화면\githubproject\dx9_cultofthelame\game\client\default\x64\debug\human.obj
c:\users\sean5\onedrive\바탕 화면\githubproject\dx9_cultofthelame\game\client\default\x64\debug\grid.obj
c:\users\sean5\onedrive\바탕 화면\githubproject\dx9_cultofthelame\game\client\default\x64\debug\frogsummon.obj
c:\users\sean5\onedrive\바탕 화면\githubproject\dx9_cultofthelame\game\client\default\x64\debug\frog.obj
c:\users\sean5\onedrive\바탕 화면\githubproject\dx9_cultofthelame\game\client\default\x64\debug\follower_command_ui.obj
c:\users\sean5\onedrive\바탕 화면\githubproject\dx9_cultofthelame\game\client\default\x64\debug\follower.obj
c:\users\sean5\onedrive\바탕 화면\githubproject\dx9_cultofthelame\game\client\default\x64\debug\decoobejct.obj
c:\users\sean5\onedrive\바탕 화면\githubproject\dx9_cultofthelame\game\client\default\x64\debug\questornamentui.obj
c:\users\sean5\onedrive\바탕 화면\githubproject\dx9_cultofthelame\game\client\default\x64\debug\player_bullet.obj
c:\users\sean5\onedrive\바탕 화면\githubproject\dx9_cultofthelame\game\client\default\x64\debug\playerinventory.obj
c:\users\sean5\onedrive\바탕 화면\githubproject\dx9_cultofthelame\game\client\default\x64\debug\pressetopickcard.obj
c:\users\sean5\onedrive\바탕 화면\githubproject\dx9_cultofthelame\game\client\default\x64\debug\playerhpui.obj
c:\users\sean5\onedrive\바탕 화면\githubproject\dx9_cultofthelame\game\client\default\x64\debug\mouse_icon.obj
c:\users\sean5\onedrive\바탕 화면\githubproject\dx9_cultofthelame\game\client\default\x64\debug\mortal_fly.obj
c:\users\sean5\onedrive\바탕 화면\githubproject\dx9_cultofthelame\game\client\default\x64\debug\state_eligorroar.obj
c:\users\sean5\onedrive\바탕 화면\githubproject\dx9_cultofthelame\game\client\default\x64\debug\state_eligoridle.obj
c:\users\sean5\onedrive\바탕 화면\githubproject\dx9_cultofthelame\game\client\default\x64\debug\state_eligorburp.obj
c:\users\sean5\onedrive\바탕 화면\githubproject\dx9_cultofthelame\game\client\default\x64\debug\state_eilgorfa.obj
c:\users\sean5\onedrive\바탕 화면\githubproject\dx9_cultofthelame\game\client\default\x64\debug\state_deathcatidle.obj
c:\users\sean5\onedrive\바탕 화면\githubproject\dx9_cultofthelame\game\client\default\x64\debug\state_deathcatflyballattack.obj
c:\users\sean5\onedrive\바탕 화면\githubproject\dx9_cultofthelame\game\client\default\x64\debug\state_deathcatdisappear.obj
c:\users\sean5\onedrive\바탕 화면\githubproject\dx9_cultofthelame\game\client\default\x64\debug\state_deathcatchainattack.obj
c:\users\sean5\onedrive\바탕 화면\githubproject\dx9_cultofthelame\game\client\default\x64\debug\spellgauge.obj
c:\users\sean5\onedrive\바탕 화면\githubproject\dx9_cultofthelame\game\client\default\x64\debug\sky.obj
c:\users\sean5\onedrive\바탕 화면\githubproject\dx9_cultofthelame\game\client\default\x64\debug\road.obj
c:\users\sean5\onedrive\바탕 화면\githubproject\dx9_cultofthelame\game\client\default\x64\debug\questpanelui.obj
c:\users\sean5\onedrive\바탕 화면\githubproject\dx9_cultofthelame\game\client\default\x64\debug\player.obj
c:\users\sean5\onedrive\바탕 화면\githubproject\dx9_cultofthelame\game\client\default\x64\debug\mouseclickui.obj
c:\users\sean5\onedrive\바탕 화면\githubproject\dx9_cultofthelame\game\client\default\x64\debug\monster.obj
c:\users\sean5\onedrive\바탕 화면\githubproject\dx9_cultofthelame\game\client\default\x64\debug\mainapp.obj
c:\users\sean5\onedrive\바탕 화면\githubproject\dx9_cultofthelame\game\client\default\x64\debug\logobuttonui.obj
c:\users\sean5\onedrive\바탕 화면\githubproject\dx9_cultofthelame\game\client\default\x64\debug\lodding_gageui.obj
c:\users\sean5\onedrive\바탕 화면\githubproject\dx9_cultofthelame\game\client\default\x64\debug\lodding_gagepanelui.obj
c:\users\sean5\onedrive\바탕 화면\githubproject\dx9_cultofthelame\game\client\default\x64\debug\level_logo.obj
c:\users\sean5\onedrive\바탕 화면\githubproject\dx9_cultofthelame\game\client\default\x64\debug\state_hekatdie.obj
c:\users\sean5\onedrive\바탕 화면\githubproject\dx9_cultofthelame\game\client\default\x64\debug\state_gusionroar.obj
c:\users\sean5\onedrive\바탕 화면\githubproject\dx9_cultofthelame\game\client\default\x64\debug\state_gusionle.obj
c:\users\sean5\onedrive\바탕 화면\githubproject\dx9_cultofthelame\game\client\default\x64\debug\state_gusionjump.obj
c:\users\sean5\onedrive\바탕 화면\githubproject\dx9_cultofthelame\game\client\default\x64\debug\state_gusionidle.obj
c:\users\sean5\onedrive\바탕 화면\githubproject\dx9_cultofthelame\game\client\default\x64\debug\state_gusiondie.obj
c:\users\sean5\onedrive\바탕 화면\githubproject\dx9_cultofthelame\game\client\default\x64\debug\state_gusionburp.obj
c:\users\sean5\onedrive\바탕 화면\githubproject\dx9_cultofthelame\game\client\default\x64\debug\state_follower_worship.obj
c:\users\sean5\onedrive\바탕 화면\githubproject\dx9_cultofthelame\game\client\default\x64\debug\state_follower_walk.obj
c:\users\sean5\onedrive\바탕 화면\githubproject\dx9_cultofthelame\game\client\default\x64\debug\state_follower_pray.obj
c:\users\sean5\onedrive\바탕 화면\githubproject\dx9_cultofthelame\game\client\default\x64\debug\state_follower_mining.obj
c:\users\sean5\onedrive\바탕 화면\githubproject\dx9_cultofthelame\game\client\default\x64\debug\state_follower_idle.obj
c:\users\sean5\onedrive\바탕 화면\githubproject\dx9_cultofthelame\game\client\default\x64\debug\state_follower_axe.obj
c:\users\sean5\onedrive\바탕 화면\githubproject\dx9_cultofthelame\game\client\default\x64\debug\state_eyeidle.obj
c:\users\sean5\onedrive\바탕 화면\githubproject\dx9_cultofthelame\game\client\default\x64\debug\state_eyedisappear.obj
c:\users\sean5\onedrive\바탕 화면\githubproject\dx9_cultofthelame\game\client\default\x64\debug\state_eyeattack.obj
c:\users\sean5\onedrive\바탕 화면\githubproject\dx9_cultofthelame\game\client\default\x64\debug\state_eligoruc.obj
c:\users\sean5\onedrive\바탕 화면\githubproject\dx9_cultofthelame\game\client\default\x64\debug\state_eligortf.obj
c:\users\sean5\onedrive\바탕 화면\githubproject\dx9_cultofthelame\game\client\default\x64\debug\state_playerknockback.obj
c:\users\sean5\onedrive\바탕 화면\githubproject\dx9_cultofthelame\game\client\default\x64\debug\state_playeridle.obj
c:\users\sean5\onedrive\바탕 화면\githubproject\dx9_cultofthelame\game\client\default\x64\debug\state_playerhammer.obj
c:\users\sean5\onedrive\바탕 화면\githubproject\dx9_cultofthelame\game\client\default\x64\debug\state_playergs.obj
c:\users\sean5\onedrive\바탕 화면\githubproject\dx9_cultofthelame\game\client\default\x64\debug\state_playergf.obj
c:\users\sean5\onedrive\바탕 화면\githubproject\dx9_cultofthelame\game\client\default\x64\debug\state_playerdie.obj
c:\users\sean5\onedrive\바탕 화면\githubproject\dx9_cultofthelame\game\client\default\x64\debug\state_playercard.obj
c:\users\sean5\onedrive\바탕 화면\githubproject\dx9_cultofthelame\game\client\default\x64\debug\state_playeraxe.obj
c:\users\sean5\onedrive\바탕 화면\githubproject\dx9_cultofthelame\game\client\default\x64\debug\state_playerattack3.obj
c:\users\sean5\onedrive\바탕 화면\githubproject\dx9_cultofthelame\game\client\default\x64\debug\state_playerattack2.obj
c:\users\sean5\onedrive\바탕 화면\githubproject\dx9_cultofthelame\game\client\default\x64\debug\state_playerattack1.obj
c:\users\sean5\onedrive\바탕 화면\githubproject\dx9_cultofthelame\game\client\default\x64\debug\state_hekatth.obj
c:\users\sean5\onedrive\바탕 화면\githubproject\dx9_cultofthelame\game\client\default\x64\debug\state_hekattfollower.obj
c:\users\sean5\onedrive\바탕 화면\githubproject\dx9_cultofthelame\game\client\default\x64\debug\state_hekattf.obj
c:\users\sean5\onedrive\바탕 화면\githubproject\dx9_cultofthelame\game\client\default\x64\debug\state_hekattb.obj
c:\users\sean5\onedrive\바탕 화면\githubproject\dx9_cultofthelame\game\client\default\x64\debug\state_hekatroar.obj
c:\users\sean5\onedrive\바탕 화면\githubproject\dx9_cultofthelame\game\client\default\x64\debug\state_hekatle.obj
c:\users\sean5\onedrive\바탕 화면\githubproject\dx9_cultofthelame\game\client\default\x64\debug\state_hekatjump.obj
c:\users\sean5\onedrive\바탕 화면\githubproject\dx9_cultofthelame\game\client\default\x64\debug\state_hekatidle.obj
c:\users\sean5\onedrive\바탕 화면\githubproject\dx9_cultofthelame\game\client\default\x64\debug\stdafx.obj
c:\users\sean5\onedrive\바탕 화면\githubproject\dx9_cultofthelame\game\client\default\x64\debug\client.obj
c:\users\sean5\onedrive\바탕 화면\githubproject\dx9_cultofthelame\game\client\default\x64\debug\zoominpanelui.obj
c:\users\sean5\onedrive\바탕 화면\githubproject\dx9_cultofthelame\game\client\default\x64\debug\turret.obj
c:\users\sean5\onedrive\바탕 화면\githubproject\dx9_cultofthelame\game\client\default\x64\debug\title.obj
c:\users\sean5\onedrive\바탕 화면\githubproject\dx9_cultofthelame\game\client\default\x64\debug\terrain.obj
c:\users\sean5\onedrive\바탕 화면\githubproject\dx9_cultofthelame\game\client\default\x64\debug\tarotpanel.obj
c:\users\sean5\onedrive\바탕 화면\githubproject\dx9_cultofthelame\game\client\default\x64\debug\tarotnpc.obj
c:\users\sean5\onedrive\바탕 화면\githubproject\dx9_cultofthelame\game\client\default\x64\debug\tarotcard.obj
c:\users\sean5\onedrive\바탕 화면\githubproject\dx9_cultofthelame\game\client\default\x64\debug\talkpanelui.obj
c:\users\sean5\onedrive\바탕 화면\githubproject\dx9_cultofthelame\game\client\default\x64\debug\state_playerspell.obj
c:\users\sean5\onedrive\바탕 화면\githubproject\dx9_cultofthelame\game\client\default\x64\debug\state_playersermon.obj
c:\users\sean5\onedrive\바탕 화면\githubproject\dx9_cultofthelame\game\client\default\x64\debug\state_playerrun.obj
c:\users\sean5\onedrive\바탕 화면\githubproject\dx9_cultofthelame\game\client\default\x64\debug\state_playerroll.obj
c:\users\sean5\onedrive\바탕 화면\githubproject\dx9_cultofthelame\game\client\default\x64\debug\state_playerresurrect.obj
c:\users\sean5\onedrive\바탕 화면\githubproject\dx9_cultofthelame\game\client\default\x64\debug\state_playerpickaxe.obj
c:\users\sean5\onedrive\바탕 화면\githubproject\dx9_cultofthelame\game\client\default\x64\debug\level_dungeon03.obj
c:\users\sean5\onedrive\바탕 화면\githubproject\dx9_cultofthelame\game\client\default\x64\debug\fadeinout.obj
c:\users\sean5\onedrive\바탕 화면\githubproject\dx9_cultofthelame\game\client\default\x64\debug\rock_particle.obj
c:\users\sean5\onedrive\바탕 화면\githubproject\dx9_cultofthelame\game\client\default\x64\debug\talkicon.obj
c:\users\sean5\onedrive\바탕 화면\githubproject\dx9_cultofthelame\game\client\default\x64\debug\itemgetui.obj
c:\users\sean5\onedrive\바탕 화면\githubproject\dx9_cultofthelame\game\client\default\x64\debug\cchainground.obj
c:\users\sean5\onedrive\바탕 화면\githubproject\dx9_cultofthelame\game\client\default\x64\debug\state_deathcathurt.obj
c:\users\sean5\onedrive\바탕 화면\githubproject\dx9_cultofthelame\game\client\default\x64\debug\ratnpc.obj
c:\users\sean5\onedrive\바탕 화면\githubproject\dx9_cultofthelame\game\client\default\x64\debug\state_eligorle.obj
c:\users\sean5\onedrive\바탕 화면\githubproject\dx9_cultofthelame\game\client\default\x64\debug\state_player_tarot.obj
c:\users\sean5\onedrive\바탕 화면\githubproject\dx9_cultofthelame\game\client\default\x64\debug\boss_aim.obj
c:\users\sean5\onedrive\바탕 화면\githubproject\dx9_cultofthelame\game\client\default\x64\debug\itemicon.obj
c:\users\sean5\onedrive\바탕 화면\githubproject\dx9_cultofthelame\game\client\default\x64\debug\playersermonui.obj
c:\users\sean5\onedrive\바탕 화면\githubproject\dx9_cultofthelame\game\client\default\x64\debug\monologueui.obj
c:\users\sean5\onedrive\바탕 화면\githubproject\dx9_cultofthelame\game\client\default\x64\debug\state_aim_idle.obj
c:\users\sean5\onedrive\바탕 화면\githubproject\dx9_cultofthelame\game\client\default\x64\debug\eye_controller.obj
c:\users\sean5\onedrive\바탕 화면\githubproject\dx9_cultofthelame\game\client\default\x64\debug\door.obj
c:\users\sean5\onedrive\바탕 화면\githubproject\dx9_cultofthelame\game\client\default\x64\debug\state_eyedie.obj
c:\users\sean5\onedrive\바탕 화면\githubproject\dx9_cultofthelame\game\client\default\x64\debug\state_aim_walk.obj
c:\users\sean5\onedrive\바탕 화면\githubproject\dx9_cultofthelame\game\client\default\x64\debug\state_aim_idletoattack.obj
c:\users\sean5\onedrive\바탕 화면\githubproject\dx9_cultofthelame\game\client\default\x64\debug\state_aim_attack3.obj
c:\users\sean5\onedrive\바탕 화면\githubproject\dx9_cultofthelame\game\client\default\x64\debug\state_aim_attack2.obj
c:\users\sean5\onedrive\바탕 화면\githubproject\dx9_cultofthelame\game\client\default\x64\debug\state_aim_attack1.obj
c:\users\sean5\onedrive\바탕 화면\githubproject\dx9_cultofthelame\game\client\default\x64\debug\state_playerwo.obj
c:\users\sean5\onedrive\바탕 화면\githubproject\dx9_cultofthelame\game\client\default\x64\debug\state_playerwi.obj
c:\users\sean5\onedrive\바탕 화면\githubproject\dx9_cultofthelame\game\client\default\x64\debug\bullet_particle.obj
c:\users\sean5\onedrive\바탕 화면\githubproject\dx9_cultofthelame\game\client\default\x64\debug\bone_particle.obj
c:\users\sean5\onedrive\바탕 화면\githubproject\dx9_cultofthelame\game\client\default\x64\debug\dungeonclearui.obj
c:\users\sean5\onedrive\바탕 화면\githubproject\dx9_cultofthelame\game\client\default\x64\debug\state_aim_die.obj
c:\users\sean5\onedrive\바탕 화면\githubproject\dx9_cultofthelame\game\client\default\x64\debug\state_follower_indo.obj
c:\users\sean5\onedrive\바탕 화면\githubproject\dx9_cultofthelame\game\client\default\x64\debug\openicon.obj
c:\users\sean5\onedrive\바탕 화면\githubproject\dx9_cultofthelame\game\client\default\x64\debug\monologuepanelui.obj
c:\users\sean5\onedrive\바탕 화면\githubproject\dx9_cultofthelame\game\client\default\x64\debug\quest.obj
c:\users\sean5\onedrive\바탕 화면\githubproject\dx9_cultofthelame\game\client\bin\shader_blendobject.cso
c:\users\sean5\onedrive\바탕 화면\githubproject\dx9_cultofthelame\game\client\bin\shader_flyball.cso
c:\users\sean5\onedrive\바탕 화면\githubproject\dx9_cultofthelame\game\client\bin\shader_door.cso
c:\users\sean5\onedrive\바탕 화면\githubproject\dx9_cultofthelame\game\client\bin\example.cso
c:\users\sean5\onedrive\바탕 화면\githubproject\dx9_cultofthelame\game\client\bin\shader_boss.cso
c:\users\sean5\onedrive\바탕 화면\githubproject\dx9_cultofthelame\game\client\bin\shader_ui.cso
c:\users\sean5\onedrive\바탕 화면\githubproject\dx9_cultofthelame\game\client\bin\client.exe
c:\users\sean5\onedrive\바탕 화면\githubproject\dx9_cultofthelame\game\client\bin\client.pdb
c:\users\sean5\onedrive\바탕 화면\githubproject\dx9_cultofthelame\game\client\default\x64\debug\client.res
c:\users\sean5\onedrive\바탕 화면\githubproject\dx9_cultofthelame\game\client\default\x64\debug\client.ilk
c:\users\sean5\onedrive\바탕 화면\githubproject\dx9_cultofthelame\game\client\default\x64\debug\boss_deathcat2.obj
c:\users\sean5\onedrive\바탕 화면\githubproject\dx9_cultofthelame\game\client\default\x64\debug\particle.obj
c:\users\sean5\onedrive\바탕 화면\githubproject\dx9_cultofthelame\game\client\default\x64\debug\particlemgr.obj
c:\users\sean5\onedrive\바탕 화면\githubproject\dx9_cultofthelame\game\client\default\x64\debug\state_gusiontf.obj
c:\users\sean5\onedrive\바탕 화면\githubproject\dx9_cultofthelame\game\client\default\x64\debug\state_gusionuc.obj
c:\users\sean5\onedrive\바탕 화면\githubproject\dx9_cultofthelame\game\client\default\x64\debug\state_hekatuc.obj
c:\users\sean5\onedrive\바탕 화면\githubproject\dx9_cultofthelame\game\client\default\x64\debug\state_playerwarp.obj
c:\users\sean5\onedrive\바탕 화면\githubproject\dx9_cultofthelame\game\client\default\x64\debug\bat.obj.enc
c:\users\sean5\onedrive\바탕 화면\githubproject\dx9_cultofthelame\game\client\default\x64\debug\cchainground.obj.enc
c:\users\sean5\onedrive\바탕 화면\githubproject\dx9_cultofthelame\game\client\default\x64\debug\level_gameplay.obj.enc
c:\users\sean5\onedrive\바탕 화면\githubproject\dx9_cultofthelame\game\client\default\x64\debug\monsterbone.obj.enc
c:\users\sean5\onedrive\바탕 화면\githubproject\dx9_cultofthelame\game\client\default\x64\debug\player.obj.enc
c:\users\sean5\onedrive\바탕 화면\githubproject\dx9_cultofthelame\game\client\default\x64\debug\state_deathcatdisappear.obj.enc
c:\users\sean5\onedrive\바탕 화면\githubproject\dx9_cultofthelame\game\client\default\x64\debug\client.tlog\cl.command.1.tlog
c:\users\sean5\onedrive\바탕 화면\githubproject\dx9_cultofthelame\game\client\default\x64\debug\client.tlog\cl.items.tlog
c:\users\sean5\onedrive\바탕 화면\githubproject\dx9_cultofthelame\game\client\default\x64\debug\client.tlog\cl.read.1.tlog
c:\users\sean5\onedrive\바탕 화면\githubproject\dx9_cultofthelame\game\client\default\x64\debug\client.tlog\cl.write.1.tlog
c:\users\sean5\onedrive\바탕 화면\githubproject\dx9_cultofthelame\game\client\default\x64\debug\client.tlog\fxc.command.1.tlog
c:\users\sean5\onedrive\바탕 화면\githubproject\dx9_cultofthelame\game\client\default\x64\debug\client.tlog\fxc.read.1.tlog
c:\users\sean5\onedrive\바탕 화면\githubproject\dx9_cultofthelame\game\client\default\x64\debug\client.tlog\fxc.write.1.tlog
c:\users\sean5\onedrive\바탕 화면\githubproject\dx9_cultofthelame\game\client\default\x64\debug\client.tlog\link.command.1.tlog
c:\users\sean5\onedrive\바탕 화면\githubproject\dx9_cultofthelame\game\client\default\x64\debug\client.tlog\link.read.1.tlog
c:\users\sean5\onedrive\바탕 화면\githubproject\dx9_cultofthelame\game\client\default\x64\debug\client.tlog\link.secondary.1.tlog
c:\users\sean5\onedrive\바탕 화면\githubproject\dx9_cultofthelame\game\client\default\x64\debug\client.tlog\link.write.1.tlog
c:\users\sean5\onedrive\바탕 화면\githubproject\dx9_cultofthelame\game\client\default\x64\debug\client.tlog\rc.command.1.tlog
c:\users\sean5\onedrive\바탕 화면\githubproject\dx9_cultofthelame\game\client\default\x64\debug\client.tlog\rc.read.1.tlog
c:\users\sean5\onedrive\바탕 화면\githubproject\dx9_cultofthelame\game\client\default\x64\debug\client.tlog\rc.write.1.tlog
